<?xml version="1.0" encoding="UTF-8"?>
<testng-results ignored="0" total="1" passed="1" failed="0" skipped="0">
  <reporter-output>
  </reporter-output>
  <suite started-at="2025-08-04T13:25:12 IST" name="Default suite" finished-at="2025-08-04T13:25:12 IST" duration-ms="86">
    <groups>
    </groups>
    <test started-at="2025-08-04T13:25:12 IST" name="Default test" finished-at="2025-08-04T13:25:12 IST" duration-ms="86">
      <class name="working_with_assertion.WorkingWithSoftAssert">
        <test-method signature="case1()[pri:0, instance:working_with_assertion.WorkingWithSoftAssert@1aafa419]" started-at="2025-08-04T13:25:12 IST" name="case1" finished-at="2025-08-04T13:25:12 IST" duration-ms="34" status="PASS">
          <reporter-output>
          </reporter-output>
        </test-method> <!-- case1 -->
      </class> <!-- working_with_assertion.WorkingWithSoftAssert -->
    </test> <!-- Default test -->
  </suite> <!-- Default suite -->
</testng-results>
