<?xml version="1.0" encoding="UTF-8"?>
<testng-results ignored="0" total="1" passed="1" failed="0" skipped="0">
  <reporter-output>
  </reporter-output>
  <suite started-at="2025-07-31T13:32:10 IST" name="Default suite" finished-at="2025-07-31T13:32:18 IST" duration-ms="7194">
    <groups>
    </groups>
    <test started-at="2025-07-31T13:32:10 IST" name="Default test" finished-at="2025-07-31T13:32:18 IST" duration-ms="7194">
      <class name="base_utility.BaseClass">
        <test-method is-config="true" signature="repConfig()[pri:0, instance:base_utility.BaseClass@f5958c9]" started-at="2025-07-31T13:32:10 IST" name="repConfig" finished-at="2025-07-31T13:32:10 IST" duration-ms="13" status="PASS">
          <reporter-output>
          </reporter-output>
        </test-method> <!-- repConfig -->
        <test-method is-config="true" signature="preCon()[pri:0, instance:base_utility.BaseClass@f5958c9]" started-at="2025-07-31T13:32:10 IST" name="preCon" finished-at="2025-07-31T13:32:10 IST" duration-ms="2" status="PASS">
          <reporter-output>
          </reporter-output>
        </test-method> <!-- preCon -->
        <test-method is-config="true" signature="openBro()[pri:0, instance:base_utility.BaseClass@f5958c9]" started-at="2025-07-31T13:32:11 IST" name="openBro" finished-at="2025-07-31T13:32:12 IST" duration-ms="1704" status="PASS">
          <reporter-output>
          </reporter-output>
        </test-method> <!-- openBro -->
        <test-method is-config="true" signature="login()[pri:0, instance:base_utility.BaseClass@f5958c9]" started-at="2025-07-31T13:32:12 IST" name="login" finished-at="2025-07-31T13:32:13 IST" duration-ms="930" status="PASS">
          <reporter-output>
          </reporter-output>
        </test-method> <!-- login -->
        <test-method signature="vtiger()[pri:0, instance:base_utility.BaseClass@f5958c9]" started-at="2025-07-31T13:32:13 IST" name="vtiger" finished-at="2025-07-31T13:32:13 IST" duration-ms="13" status="PASS">
          <reporter-output>
          </reporter-output>
        </test-method> <!-- vtiger -->
        <test-method is-config="true" signature="logout()[pri:0, instance:base_utility.BaseClass@f5958c9]" started-at="2025-07-31T13:32:13 IST" name="logout" finished-at="2025-07-31T13:32:17 IST" duration-ms="4289" status="PASS">
          <reporter-output>
          </reporter-output>
        </test-method> <!-- logout -->
        <test-method is-config="true" signature="closeBro()[pri:0, instance:base_utility.BaseClass@f5958c9]" started-at="2025-07-31T13:32:17 IST" name="closeBro" finished-at="2025-07-31T13:32:18 IST" duration-ms="199" status="PASS">
          <reporter-output>
          </reporter-output>
        </test-method> <!-- closeBro -->
        <test-method is-config="true" signature="postCon()[pri:0, instance:base_utility.BaseClass@f5958c9]" started-at="2025-07-31T13:32:18 IST" name="postCon" finished-at="2025-07-31T13:32:18 IST" duration-ms="1" status="PASS">
          <reporter-output>
          </reporter-output>
        </test-method> <!-- postCon -->
        <test-method is-config="true" signature="repBackup()[pri:0, instance:base_utility.BaseClass@f5958c9]" started-at="2025-07-31T13:32:18 IST" name="repBackup" finished-at="2025-07-31T13:32:18 IST" duration-ms="1" status="PASS">
          <reporter-output>
          </reporter-output>
        </test-method> <!-- repBackup -->
      </class> <!-- base_utility.BaseClass -->
    </test> <!-- Default test -->
  </suite> <!-- Default suite -->
</testng-results>
