<?xml version="1.0" encoding="UTF-8"?>
<!-- Generated by org.testng.reporters.JUnitXMLReporter -->
<testsuite ignored="1" hostname="TYSS-Piyush-Baldaniya" failures="0" tests="10" name="Default test" time="6.937" errors="0" timestamp="2025-07-24T13:26:10 IST">
  <testcase classname="extra.Demo1" name="create" time="6.541"/>
  <testcase classname="extra.Demo1" name="create" time="6.54"/>
  <testcase classname="extra.Demo1" name="create" time="6.555"/>
  <testcase classname="extra.Demo1" name="create" time="6.582"/>
  <testcase classname="extra.Demo1" name="create" time="6.662"/>
  <testcase classname="extra.Demo1" name="create" time="6.74"/>
  <testcase classname="extra.Demo1" name="create" time="6.741"/>
  <testcase classname="extra.Demo1" name="create" time="6.802"/>
  <testcase classname="extra.Demo1" name="create" time="6.819"/>
  <testcase classname="extra.Demo1" name="create" time="6.866"/>
  <testcase classname="extra.Demo1" name="delete" time="0.0">
    <ignored/>
  </testcase> <!-- delete -->
</testsuite> <!-- Default test -->
