<?xml version="1.0" encoding="UTF-8"?>
<!-- Generated by org.testng.reporters.JUnitXMLReporter -->
<testsuite ignored="4" hostname="TYSS-Piyush-Baldaniya" failures="0" tests="2" name="Test" time="23.261" errors="0" timestamp="2025-08-05T13:53:12 IST">
  <testcase classname="comcast.crm.org.CreateOrgTest" name="createOrgTest" time="8.32"/>
  <testcase classname="comcast.crm.contact.CreateContactTest" name="createConTest" time="5.145"/>
  <testcase classname="base_utility.BaseClass" name="@AfterTest postCon" time="0.0">
    <ignored/>
  </testcase> <!-- @AfterTest postCon -->
  <testcase classname="base_utility.BaseClass" name="@BeforeSuite repConfig" time="0.0">
    <ignored/>
  </testcase> <!-- @BeforeSuite repConfig -->
  <testcase classname="base_utility.BaseClass" name="@AfterSuite repBackup" time="0.0">
    <ignored/>
  </testcase> <!-- @AfterSuite repBackup -->
  <testcase classname="base_utility.BaseClass" name="@BeforeTest preCon" time="0.0">
    <ignored/>
  </testcase> <!-- @BeforeTest preCon -->
</testsuite> <!-- Test -->
