<?xml version="1.0" encoding="UTF-8"?>
<!-- Generated by org.testng.reporters.JUnitXMLReporter -->
<testsuite ignored="4" hostname="TYSS-Piyush-Baldaniya" failures="0" tests="6" name="Test" time="13.717" errors="0" timestamp="2025-07-28T13:26:56 IST">
  <testcase classname="types_of_exe.Demo2" name="case1" time="2.688"/>
  <testcase classname="types_of_exe.Demo1" name="case2" time="2.135"/>
  <testcase classname="types_of_exe.Demo4" name="case1" time="2.242"/>
  <testcase classname="types_of_exe.Demo4" name="case2" time="2.152"/>
  <testcase classname="types_of_exe.Demo3" name="case1" time="2.205"/>
  <testcase classname="types_of_exe.Demo3" name="case2" time="2.228"/>
  <testcase classname="types_of_exe.Demo5" name="case1" time="0.0">
    <ignored/>
  </testcase> <!-- case1 -->
  <testcase classname="types_of_exe.Demo5" name="case2" time="0.0">
    <ignored/>
  </testcase> <!-- case2 -->
  <testcase classname="types_of_exe.Demo2" name="case2" time="0.0">
    <ignored/>
  </testcase> <!-- case2 -->
  <testcase classname="types_of_exe.Demo1" name="case1" time="0.0">
    <ignored/>
  </testcase> <!-- case1 -->
</testsuite> <!-- Test -->
